#
# There is insufficient memory for the Java Runtime Environment to continue.
# Native memory allocation (malloc) failed to allocate 225056 bytes for Chunk::new
# Possible reasons:
#   The system is out of physical RAM or swap space
#   In 32 bit mode, the process size limit was hit
# Possible solutions:
#   Reduce memory load on the system
#   Increase physical memory or swap space
#   Check if swap backing store is full
#   Use 64 bit Java on a 64 bit OS
#   Decrease Java heap size (-Xmx/-Xms)
#   Decrease number of Java threads
#   Decrease Java thread stack sizes (-Xss)
#   Set larger code cache with -XX:ReservedCodeCacheSize=
# This output file may be truncated or incomplete.
#
#  Out of Memory Error (allocation.cpp:390), pid=8256, tid=2716
#
# JRE version: Java(TM) SE Runtime Environment (8.0_31-b13) (build 1.8.0_31-b13)
# Java VM: Java HotSpot(TM) 64-Bit Server VM (25.31-b07 mixed mode windows-amd64 compressed oops)
# Failed to write core dump. Minidumps are not enabled by default on client versions of Windows
#

---------------  T H R E A D  ---------------

Current thread (0x0000000014aa5800):  JavaThread "C2 CompilerThread1" daemon [_thread_in_native, id=2716, stack(0x00000000160b0000,0x00000000161b0000)]

Stack: [0x00000000160b0000,0x00000000161b0000]
Native frames: (J=compiled Java code, j=interpreted, Vv=VM code, C=native code)
V  [jvm.dll+0x3169ba]


Current CompileTask:
C2:   1955  453       4       sun.awt.image.ByteInterleavedRaster::putByteData (834 bytes)


---------------  P R O C E S S  ---------------

Java Threads: ( => current thread )
  0x0000000002380800 JavaThread "DestroyJavaVM" [_thread_blocked, id=4256, stack(0x0000000002280000,0x0000000002380000)]
  0x0000000017400800 JavaThread "AWT-EventQueue-0" [_thread_blocked, id=7828, stack(0x0000000017c60000,0x0000000017d60000)]
  0x0000000016697000 JavaThread "Image Animator 0" daemon [_thread_in_native, id=4908, stack(0x0000000017b60000,0x0000000017c60000)]
  0x0000000016644800 JavaThread "Image Fetcher 3" daemon [_thread_blocked, id=8064, stack(0x0000000017260000,0x0000000017360000)]
  0x000000001661f000 JavaThread "AWT-Windows" daemon [_thread_in_native, id=2488, stack(0x0000000016d50000,0x0000000016e50000)]
  0x000000001661c000 JavaThread "AWT-Shutdown" [_thread_blocked, id=6156, stack(0x0000000016c50000,0x0000000016d50000)]
  0x000000001661a800 JavaThread "Java2D Disposer" daemon [_thread_blocked, id=3264, stack(0x0000000016b50000,0x0000000016c50000)]
  0x00000000162c8000 JavaThread "Service Thread" daemon [_thread_blocked, id=3088, stack(0x00000000166b0000,0x00000000167b0000)]
  0x0000000014abb800 JavaThread "C1 CompilerThread2" daemon [_thread_blocked, id=4636, stack(0x00000000161b0000,0x00000000162b0000)]
=>0x0000000014aa5800 JavaThread "C2 CompilerThread1" daemon [_thread_in_native, id=2716, stack(0x00000000160b0000,0x00000000161b0000)]
  0x0000000014a5c800 JavaThread "C2 CompilerThread0" daemon [_thread_blocked, id=4584, stack(0x0000000015fb0000,0x00000000160b0000)]
  0x0000000014a5b000 JavaThread "Attach Listener" daemon [_thread_blocked, id=5780, stack(0x0000000015eb0000,0x0000000015fb0000)]
  0x0000000014a5a000 JavaThread "Signal Dispatcher" daemon [_thread_blocked, id=8432, stack(0x0000000015db0000,0x0000000015eb0000)]
  0x0000000002475800 JavaThread "Finalizer" daemon [_thread_blocked, id=7772, stack(0x0000000015cb0000,0x0000000015db0000)]
  0x000000000246d000 JavaThread "Reference Handler" daemon [_thread_blocked, id=7448, stack(0x0000000015bb0000,0x0000000015cb0000)]

Other Threads:
  0x0000000014a25800 VMThread [stack: 0x0000000015ab0000,0x0000000015bb0000] [id=4120]
  0x00000000162ca800 WatcherThread [stack: 0x00000000167b0000,0x00000000168b0000] [id=6896]

VM state:not at safepoint (normal execution)

VM Mutex/Monitor currently owned by a thread: None

Heap:
 PSYoungGen      total 18944K, used 10814K [0x00000000eb380000, 0x00000000ec880000, 0x0000000100000000)
  eden space 16384K, 55% used [0x00000000eb380000,0x00000000ebc55428,0x00000000ec380000)
  from space 2560K, 69% used [0x00000000ec380000,0x00000000ec53a450,0x00000000ec600000)
  to   space 2560K, 0% used [0x00000000ec600000,0x00000000ec600000,0x00000000ec880000)
 ParOldGen       total 44032K, used 16681K [0x00000000c1a00000, 0x00000000c4500000, 0x00000000eb380000)
  object space 44032K, 37% used [0x00000000c1a00000,0x00000000c2a4a580,0x00000000c4500000)
 Metaspace       used 9901K, capacity 10072K, committed 10240K, reserved 1058816K
  class space    used 1192K, capacity 1252K, committed 1280K, reserved 1048576K

Card table byte_map: [0x0000000011840000,0x0000000011a40000] byte_map_base: 0x0000000011233000

Marking Bits: (ParMarkBitMap*) 0x000000005b56d4f0
 Begin Bits: [0x0000000011f90000, 0x0000000012f28000)
 End Bits:   [0x0000000012f28000, 0x0000000013ec0000)

Polling page: 0x0000000000880000

CodeCache: size=245760Kb used=2205Kb max_used=2211Kb free=243554Kb
 bounds [0x0000000002480000, 0x00000000026f0000, 0x0000000011480000]
 total_blobs=915 nmethods=459 adapters=370
 compilation: enabled

Compilation events (10 events):
Event: 1.862 Thread 0x0000000014abb800 nmethod 452 0x00000000026a3310 code [0x00000000026a3460, 0x00000000026a3570]
Event: 1.895 Thread 0x0000000014aa5800  453       4       sun.awt.image.ByteInterleavedRaster::putByteData (834 bytes)
Event: 1.896 Thread 0x0000000014abb800  454       3       java.security.AccessControlContext::optimize (318 bytes)
Event: 1.900 Thread 0x0000000014abb800 nmethod 454 0x00000000026a35d0 code [0x00000000026a3920, 0x00000000026a5458]
Event: 1.900 Thread 0x0000000014abb800  455       3       java.awt.Rectangle::setBounds (10 bytes)
Event: 1.900 Thread 0x0000000014abb800 nmethod 455 0x00000000026a62d0 code [0x00000000026a6440, 0x00000000026a6610]
Event: 1.900 Thread 0x0000000014abb800  456       3       java.awt.Rectangle::reshape (22 bytes)
Event: 1.900 Thread 0x0000000014abb800 nmethod 456 0x00000000026a66d0 code [0x00000000026a6820, 0x00000000026a6990]
Event: 1.919 Thread 0x0000000014a5c800  457   !   4       sun.awt.image.URLImageSource::checkSecurity (42 bytes)
Event: 1.920 Thread 0x0000000014a5c800 nmethod 457 0x0000000002698490 code [0x00000000026985c0, 0x0000000002698658]

GC Heap History (2 events):
Event: 1.250 GC heap before
{Heap before GC invocations=1 (full 0):
 PSYoungGen      total 18944K, used 16384K [0x00000000eb380000, 0x00000000ec880000, 0x0000000100000000)
  eden space 16384K, 100% used [0x00000000eb380000,0x00000000ec380000,0x00000000ec380000)
  from space 2560K, 0% used [0x00000000ec600000,0x00000000ec600000,0x00000000ec880000)
  to   space 2560K, 0% used [0x00000000ec380000,0x00000000ec380000,0x00000000ec600000)
 ParOldGen       total 44032K, used 0K [0x00000000c1a00000, 0x00000000c4500000, 0x00000000eb380000)
  object space 44032K, 0% used [0x00000000c1a00000,0x00000000c1a00000,0x00000000c4500000)
 Metaspace       used 8146K, capacity 8364K, committed 8576K, reserved 1056768K
  class space    used 961K, capacity 1026K, committed 1152K, reserved 1048576K
Event: 1.267 GC heap after
Heap after GC invocations=1 (full 0):
 PSYoungGen      total 18944K, used 1769K [0x00000000eb380000, 0x00000000ec880000, 0x0000000100000000)
  eden space 16384K, 0% used [0x00000000eb380000,0x00000000eb380000,0x00000000ec380000)
  from space 2560K, 69% used [0x00000000ec380000,0x00000000ec53a450,0x00000000ec600000)
  to   space 2560K, 0% used [0x00000000ec600000,0x00000000ec600000,0x00000000ec880000)
 ParOldGen       total 44032K, used 16681K [0x00000000c1a00000, 0x00000000c4500000, 0x00000000eb380000)
  object space 44032K, 37% used [0x00000000c1a00000,0x00000000c2a4a580,0x00000000c4500000)
 Metaspace       used 8146K, capacity 8364K, committed 8576K, reserved 1056768K
  class space    used 961K, capacity 1026K, committed 1152K, reserved 1048576K
}

Deoptimization events (0 events):
No events

Internal exceptions (10 events):
Event: 0.815 Thread 0x0000000016644800 Exception <a 'java/security/PrivilegedActionException'> (0x00000000eb6e0480) thrown at [C:\workspace\8-2-build-windows-amd64-cygwin\jdk8u31\2394\hotspot\src\share\vm\prims\jvm.cpp, line 1312]
Event: 0.840 Thread 0x0000000016644800 Exception <a 'java/security/PrivilegedActionException'> (0x00000000eb6f9688) thrown at [C:\workspace\8-2-build-windows-amd64-cygwin\jdk8u31\2394\hotspot\src\share\vm\prims\jvm.cpp, line 1312]
Event: 0.840 Thread 0x0000000016644800 Exception <a 'java/security/PrivilegedActionException'> (0x00000000eb6fa9c0) thrown at [C:\workspace\8-2-build-windows-amd64-cygwin\jdk8u31\2394\hotspot\src\share\vm\prims\jvm.cpp, line 1312]
Event: 0.848 Thread 0x0000000016644800 Exception <a 'java/security/PrivilegedActionException'> (0x00000000eb7033a0) thrown at [C:\workspace\8-2-build-windows-amd64-cygwin\jdk8u31\2394\hotspot\src\share\vm\prims\jvm.cpp, line 1312]
Event: 0.848 Thread 0x0000000016644800 Exception <a 'java/security/PrivilegedActionException'> (0x00000000eb704718) thrown at [C:\workspace\8-2-build-windows-amd64-cygwin\jdk8u31\2394\hotspot\src\share\vm\prims\jvm.cpp, line 1312]
Event: 1.021 Thread 0x0000000002380800 Exception <a 'java/security/PrivilegedActionException'> (0x00000000eb67c948) thrown at [C:\workspace\8-2-build-windows-amd64-cygwin\jdk8u31\2394\hotspot\src\share\vm\prims\jvm.cpp, line 1312]
Event: 1.024 Thread 0x0000000002380800 Exception <a 'java/security/PrivilegedActionException'> (0x00000000eb67ff80) thrown at [C:\workspace\8-2-build-windows-amd64-cygwin\jdk8u31\2394\hotspot\src\share\vm\prims\jvm.cpp, line 1312]
Event: 1.058 Thread 0x0000000002380800 Exception <a 'java/security/PrivilegedActionException'> (0x00000000eb681878) thrown at [C:\workspace\8-2-build-windows-amd64-cygwin\jdk8u31\2394\hotspot\src\share\vm\prims\jvm.cpp, line 1312]
Event: 1.066 Thread 0x0000000002380800 Exception <a 'java/security/PrivilegedActionException'> (0x00000000eb683170) thrown at [C:\workspace\8-2-build-windows-amd64-cygwin\jdk8u31\2394\hotspot\src\share\vm\prims\jvm.cpp, line 1312]
Event: 1.105 Thread 0x0000000016644800 Exception <a 'java/lang/InterruptedException': sleep interrupted> (0x00000000eb7bb770) thrown at [C:\workspace\8-2-build-windows-amd64-cygwin\jdk8u31\2394\hotspot\src\share\vm\prims\jvm.cpp, line 3093]

Events (10 events):
Event: 1.652 loading class java/awt/event/ContainerEvent
Event: 1.652 loading class java/awt/event/ContainerEvent done
Event: 1.686 Thread 0x0000000016697000 DEOPT PACKING pc=0x000000000268af1c sp=0x0000000017c5e760
Event: 1.687 Thread 0x0000000016697000 DEOPT UNPACKING pc=0x00000000024c75bf sp=0x0000000017c5e4b8 mode 0
Event: 1.687 Thread 0x0000000016697000 DEOPT PACKING pc=0x000000000268af1c sp=0x0000000017c5e760
Event: 1.687 Thread 0x0000000016697000 DEOPT UNPACKING pc=0x00000000024c75bf sp=0x0000000017c5e4b8 mode 0
Event: 1.688 Thread 0x0000000016697000 DEOPT PACKING pc=0x000000000268af1c sp=0x0000000017c5e760
Event: 1.688 Thread 0x0000000016697000 DEOPT UNPACKING pc=0x00000000024c75bf sp=0x0000000017c5e4b8 mode 0
Event: 1.803 loading class java/awt/LightweightDispatcher$2
Event: 1.803 loading class java/awt/LightweightDispatcher$2 done


Dynamic libraries:
0x00007ff6902b0000 - 0x00007ff6902e4000 	C:\Program Files\Java\jdk1.8.0_31\bin\java.exe
0x00007ffb34280000 - 0x00007ffb3442d000 	C:\Windows\SYSTEM32\ntdll.dll
0x00007ffb34140000 - 0x00007ffb3427e000 	C:\Windows\system32\KERNEL32.DLL
0x00007ffb31550000 - 0x00007ffb31665000 	C:\Windows\system32\KERNELBASE.dll
0x00007ffb2ff50000 - 0x00007ffb2ffde000 	C:\Windows\system32\apphelp.dll
0x00007ffb28ad0000 - 0x00007ffb28b23000 	C:\Windows\AppPatch\AppPatch64\AcGenral.DLL
0x00007ffb338a0000 - 0x00007ffb3394a000 	C:\Windows\system32\msvcrt.dll
0x00007ffb31200000 - 0x00007ffb3122e000 	C:\Windows\SYSTEM32\SspiCli.dll
0x00007ffb33f00000 - 0x00007ffb33f54000 	C:\Windows\system32\SHLWAPI.dll
0x00007ffb33200000 - 0x00007ffb33377000 	C:\Windows\system32\USER32.dll
0x00007ffb33520000 - 0x00007ffb336b4000 	C:\Windows\system32\ole32.dll
0x00007ffb31ab0000 - 0x00007ffb32fda000 	C:\Windows\system32\SHELL32.dll
0x00007ffb30970000 - 0x00007ffb30991000 	C:\Windows\SYSTEM32\USERENV.dll
0x00007ffb33d70000 - 0x00007ffb33e1a000 	C:\Windows\system32\ADVAPI32.dll
0x00007ffb21de0000 - 0x00007ffb21dfe000 	C:\Windows\SYSTEM32\MPR.dll
0x00007ffb31900000 - 0x00007ffb31a41000 	C:\Windows\system32\RPCRT4.dll
0x00007ffb31a50000 - 0x00007ffb31aa9000 	C:\Windows\SYSTEM32\sechost.dll
0x00007ffb32fe0000 - 0x00007ffb331f1000 	C:\Windows\SYSTEM32\combase.dll
0x00007ffb33a70000 - 0x00007ffb33bc0000 	C:\Windows\system32\GDI32.dll
0x00007ffb313d0000 - 0x00007ffb313e5000 	C:\Windows\SYSTEM32\profapi.dll
0x00007ffb2fbb0000 - 0x00007ffb2fc62000 	C:\Windows\SYSTEM32\SHCORE.dll
0x00007ffb33950000 - 0x00007ffb33986000 	C:\Windows\system32\IMM32.DLL
0x00007ffb33740000 - 0x00007ffb33892000 	C:\Windows\system32\MSCTF.dll
0x00007ffb2f2d0000 - 0x00007ffb2f54b000 	C:\Windows\WinSxS\amd64_microsoft.windows.common-controls_6595b64144ccf1df_6.0.9600.18006_none_623f33d3ecbe86e8\COMCTL32.dll
0x000000005acb0000 - 0x000000005ad82000 	C:\Program Files\Java\jdk1.8.0_31\jre\bin\msvcr100.dll
0x000000005ad90000 - 0x000000005b5ea000 	C:\Program Files\Java\jdk1.8.0_31\jre\bin\server\jvm.dll
0x00007ffb2b1c0000 - 0x00007ffb2b1c9000 	C:\Windows\SYSTEM32\WSOCK32.dll
0x00007ffb28dd0000 - 0x00007ffb28df2000 	C:\Windows\SYSTEM32\WINMM.dll
0x00007ffb339a0000 - 0x00007ffb339a7000 	C:\Windows\system32\PSAPI.DLL
0x00007ffb33380000 - 0x00007ffb333da000 	C:\Windows\system32\WS2_32.dll
0x00007ffb28da0000 - 0x00007ffb28dca000 	C:\Windows\SYSTEM32\WINMMBASE.dll
0x00007ffb33510000 - 0x00007ffb33519000 	C:\Windows\system32\NSI.dll
0x00007ffb318b0000 - 0x00007ffb318ff000 	C:\Windows\SYSTEM32\cfgmgr32.dll
0x00007ffb301a0000 - 0x00007ffb301c8000 	C:\Windows\SYSTEM32\DEVOBJ.dll
0x000000005ac60000 - 0x000000005ac6f000 	C:\Program Files\Java\jdk1.8.0_31\jre\bin\verify.dll
0x000000005ac30000 - 0x000000005ac58000 	C:\Program Files\Java\jdk1.8.0_31\jre\bin\java.dll
0x000000005ac10000 - 0x000000005ac26000 	C:\Program Files\Java\jdk1.8.0_31\jre\bin\zip.dll
0x000000005aa30000 - 0x000000005abc8000 	C:\Program Files\Java\jdk1.8.0_31\jre\bin\awt.dll
0x00007ffb33e20000 - 0x00007ffb33ee1000 	C:\Windows\system32\OLEAUT32.dll
0x00007ffb2f720000 - 0x00007ffb2f741000 	C:\Windows\system32\DWMAPI.DLL
0x00007ffb30070000 - 0x00007ffb30199000 	C:\Windows\system32\uxtheme.dll
0x00007ffb301f0000 - 0x00007ffb301fb000 	C:\Windows\SYSTEM32\kernel.appcore.dll
0x00007ffb312a0000 - 0x00007ffb312ab000 	C:\Windows\SYSTEM32\CRYPTBASE.dll
0x00007ffb31230000 - 0x00007ffb31293000 	C:\Windows\SYSTEM32\bcryptPrimitives.dll
0x00007ffb1ef10000 - 0x00007ffb1f131000 	C:\Windows\system32\d3d9.dll
0x00007ffb29950000 - 0x00007ffb2995a000 	C:\Windows\SYSTEM32\VERSION.dll
0x00007ffb12b20000 - 0x00007ffb136b3000 	C:\Windows\SYSTEM32\igdumdim64.dll
0x00007ffb2dbf0000 - 0x00007ffb2e02c000 	C:\Windows\SYSTEM32\igdusc64.dll
0x000000005a8e0000 - 0x000000005a911000 	C:\Program Files\Java\jdk1.8.0_31\jre\bin\jpeg.dll
0x000000005a9e0000 - 0x000000005aa27000 	C:\Program Files\Java\jdk1.8.0_31\jre\bin\fontmanager.dll
0x000000005abf0000 - 0x000000005ac0a000 	C:\Program Files\Java\jdk1.8.0_31\jre\bin\net.dll
0x00007ffb30430000 - 0x00007ffb30446000 	C:\Windows\system32\PrxerDrv.dll
0x00007ffb30be0000 - 0x00007ffb30c39000 	C:\Windows\system32\mswsock.dll
0x000000005abd0000 - 0x000000005abe1000 	C:\Program Files\Java\jdk1.8.0_31\jre\bin\nio.dll
0x000000005a990000 - 0x000000005a9d1000 	C:\Program Files\Java\jdk1.8.0_31\jre\bin\t2k.dll

VM Arguments:
jvm_args: -Dfile.encoding=UTF-8 
java_command: copter.MainClass
java_class_path (initial): C:\Program Files\NetBeans 8.0.2\java\modules\ext\AbsoluteLayout.jar;C:\Users\Anshal Dwivedi\Desktop\Copter\build\classes
Launcher Type: SUN_STANDARD

Environment Variables:
JAVA_HOME=C:\Program Files\Java\jdk1.8.0_31
PATH=C:\ProgramData\Oracle\Java\javapath;C:\Program Files (x86)\Intel\iCLS Client\;C:\Program Files\Intel\iCLS Client\;C:\Windows\system32;C:\Windows;C:\Windows\System32\Wbem;C:\Windows\System32\WindowsPowerShell\v1.0\;C:\Program Files\Hewlett-Packard\SimplePass\;C:\Program Files (x86)\Windows Live\Shared;C:\Program Files\Intel\Intel(R) Management Engine Components\DAL;C:\Program Files\Intel\Intel(R) Management Engine Components\IPT;C:\Program Files (x86)\Intel\Intel(R) Management Engine Components\DAL;C:\Program Files (x86)\Intel\Intel(R) Management Engine Components\IPT;C:\Program Files (x86)\MiKTeX 2.9\miktex\bin\;C:\Program Files (x86)\Common Files\lenovo\easyplussdk\bin;C:\Program Files (x86)\Skype\Phone\
USERNAME=Anshal Dwivedi
OS=Windows_NT
PROCESSOR_IDENTIFIER=Intel64 Family 6 Model 58 Stepping 9, GenuineIntel



---------------  S Y S T E M  ---------------

OS: Windows 8.1 , 64 bit Build 9600 

CPU:total 4 (2 cores per cpu, 2 threads per core) family 6 model 58 stepping 9, cmov, cx8, fxsr, mmx, sse, sse2, sse3, ssse3, sse4.1, sse4.2, popcnt, avx, clmul, erms, ht, tsc, tscinvbit, tscinv

Memory: 4k page, physical 4083992k(855672k free), swap 4083992k(4876k free)

vm_info: Java HotSpot(TM) 64-Bit Server VM (25.31-b07) for windows-amd64 JRE (1.8.0_31-b13), built on Dec 17 2014 21:00:28 by "java_re" with MS VC++ 10.0 (VS2010)

time: Tue Feb 23 11:32:27 2016
elapsed time: 1 seconds (0d 0h 0m 1s)

